

Started GET "/projects/4/tasks/new" for 127.0.0.1 at 2017-04-03 12:49:08 -0500
Processing by TasksController#new as JS
  Parameters: {"project_id"=>"4"}
  [1m[35mUser Load (0.4ms)[0m  SELECT  "users".* FROM "users" WHERE "users"."id" = $1  ORDER BY "users"."id" ASC LIMIT 1  [["id", 1]]
  [1m[36mProject Load (0.4ms)[0m  [1mSELECT  "projects".* FROM "projects" WHERE "projects"."id" = $1 LIMIT 1[0m  [["id", 4]]
  [1m[35mUser Load (1.1ms)[0m  SELECT "users".* FROM "users"
  Rendered tasks/_modal_form.html.haml (17.4ms)
  Rendered tasks/new.js.erb (21.8ms)
Completed 200 OK in 45ms (Views: 38.2ms | ActiveRecord: 1.8ms)


Started GET "/projects" for 127.0.0.1 at 2017-04-03 12:49:32 -0500
Processing by ProjectsController#index as HTML
  [1m[35mUser Load (0.4ms)[0m  SELECT  "users".* FROM "users" WHERE "users"."id" = $1  ORDER BY "users"."id" ASC LIMIT 1  [["id", 1]]
  [1m[36mProject Load (0.4ms)[0m  [1mSELECT "projects".* FROM "projects"[0m
  [1m[35mTask Load (0.2ms)[0m  SELECT "tasks".* FROM "tasks" WHERE "tasks"."project_id" = $1  [["project_id", 4]]
  [1m[36mTask Load (0.2ms)[0m  [1mSELECT "tasks".* FROM "tasks" WHERE "tasks"."project_id" = $1[0m  [["project_id", 5]]
  [1m[35mTask Load (0.2ms)[0m  SELECT "tasks".* FROM "tasks" WHERE "tasks"."project_id" = $1  [["project_id", 3]]
  [1m[36mTask Load (0.3ms)[0m  [1mSELECT "tasks".* FROM "tasks" WHERE "tasks"."project_id" = $1[0m  [["project_id", 1]]
  [1m[35mTask Load (0.3ms)[0m  SELECT "tasks".* FROM "tasks" WHERE "tasks"."project_id" = $1  [["project_id", 6]]
  [1m[36mTask Load (0.4ms)[0m  [1mSELECT "tasks".* FROM "tasks" WHERE "tasks"."project_id" = $1[0m  [["project_id", 7]]
  [1m[35mTask Load (0.2ms)[0m  SELECT "tasks".* FROM "tasks" WHERE "tasks"."project_id" = $1  [["project_id", 8]]
  [1m[36mTask Load (0.2ms)[0m  [1mSELECT "tasks".* FROM "tasks" WHERE "tasks"."project_id" = $1[0m  [["project_id", 9]]
  [1m[35mTask Load (0.2ms)[0m  SELECT "tasks".* FROM "tasks" WHERE "tasks"."project_id" = $1  [["project_id", 10]]
  [1m[36mTask Load (0.2ms)[0m  [1mSELECT "tasks".* FROM "tasks" WHERE "tasks"."project_id" = $1[0m  [["project_id", 11]]
  [1m[35mTask Load (0.2ms)[0m  SELECT "tasks".* FROM "tasks" WHERE "tasks"."project_id" = $1  [["project_id", 12]]
  [1m[36mTask Load (0.2ms)[0m  [1mSELECT "tasks".* FROM "tasks" WHERE "tasks"."project_id" = $1[0m  [["project_id", 13]]
  [1m[35mTask Load (0.2ms)[0m  SELECT "tasks".* FROM "tasks" WHERE "tasks"."project_id" = $1  [["project_id", 14]]
  [1m[36mTask Load (0.5ms)[0m  [1mSELECT "tasks".* FROM "tasks" WHERE "tasks"."project_id" = $1[0m  [["project_id", 15]]
  [1m[35mTask Load (0.3ms)[0m  SELECT "tasks".* FROM "tasks" WHERE "tasks"."project_id" = $1  [["project_id", 16]]
  [1m[36mTask Load (0.2ms)[0m  [1mSELECT "tasks".* FROM "tasks" WHERE "tasks"."project_id" = $1[0m  [["project_id", 17]]
  [1m[35mTask Load (0.2ms)[0m  SELECT "tasks".* FROM "tasks" WHERE "tasks"."project_id" = $1  [["project_id", 18]]
  [1m[36mTask Load (0.3ms)[0m  [1mSELECT "tasks".* FROM "tasks" WHERE "tasks"."project_id" = $1[0m  [["project_id", 2]]
  [1m[35mTask Load (0.2ms)[0m  SELECT "tasks".* FROM "tasks" WHERE "tasks"."project_id" = $1  [["project_id", 19]]
  [1m[36mTask Load (0.3ms)[0m  [1mSELECT "tasks".* FROM "tasks" WHERE "tasks"."project_id" = $1[0m  [["project_id", 20]]
  Rendered projects/index.html.haml within layouts/application (43.7ms)
Completed 200 OK in 83ms (Views: 75.2ms | ActiveRecord: 5.8ms)


Started GET "/assets/bootstrap.min.css.map" for 127.0.0.1 at 2017-04-03 12:49:32 -0500

ActionController::RoutingError (No route matches [GET] "/assets/bootstrap.min.css.map"):
  actionpack (4.2.5) lib/action_dispatch/middleware/debug_exceptions.rb:21:in `call'
  web-console (2.3.0) lib/web_console/middleware.rb:28:in `block in call'
  web-console (2.3.0) lib/web_console/middleware.rb:18:in `catch'
  web-console (2.3.0) lib/web_console/middleware.rb:18:in `call'
  actionpack (4.2.5) lib/action_dispatch/middleware/show_exceptions.rb:30:in `call'
  railties (4.2.5) lib/rails/rack/logger.rb:38:in `call_app'
  railties (4.2.5) lib/rails/rack/logger.rb:20:in `block in call'
  activesupport (4.2.5) lib/active_support/tagged_logging.rb:68:in `block in tagged'
  activesupport (4.2.5) lib/active_support/tagged_logging.rb:26:in `tagged'
  activesupport (4.2.5) lib/active_support/tagged_logging.rb:68:in `tagged'
  railties (4.2.5) lib/rails/rack/logger.rb:20:in `call'
  actionpack (4.2.5) lib/action_dispatch/middleware/request_id.rb:21:in `call'
  rack (1.6.5) lib/rack/methodoverride.rb:22:in `call'
  rack (1.6.5) lib/rack/runtime.rb:18:in `call'
  activesupport (4.2.5) lib/active_support/cache/strategy/local_cache_middleware.rb:28:in `call'
  rack (1.6.5) lib/rack/lock.rb:17:in `call'
  actionpack (4.2.5) lib/action_dispatch/middleware/static.rb:116:in `call'
  rack (1.6.5) lib/rack/sendfile.rb:113:in `call'
  railties (4.2.5) lib/rails/engine.rb:518:in `call'
  railties (4.2.5) lib/rails/application.rb:165:in `call'
  puma (3.4.0) lib/puma/configuration.rb:224:in `call'
  puma (3.4.0) lib/puma/server.rb:569:in `handle_request'
  puma (3.4.0) lib/puma/server.rb:406:in `process_client'
  puma (3.4.0) lib/puma/server.rb:271:in `block in run'
  puma (3.4.0) lib/puma/thread_pool.rb:114:in `call'
  puma (3.4.0) lib/puma/thread_pool.rb:114:in `block in spawn_thread'


  Rendered /Users/ashleyhutton/.rbenv/versions/2.2.2/lib/ruby/gems/2.2.0/gems/actionpack-4.2.5/lib/action_dispatch/middleware/templates/rescues/_trace.html.erb (4.4ms)
  Rendered /Users/ashleyhutton/.rbenv/versions/2.2.2/lib/ruby/gems/2.2.0/gems/actionpack-4.2.5/lib/action_dispatch/middleware/templates/routes/_route.html.erb (4.0ms)
  Rendered /Users/ashleyhutton/.rbenv/versions/2.2.2/lib/ruby/gems/2.2.0/gems/actionpack-4.2.5/lib/action_dispatch/middleware/templates/routes/_table.html.erb (30.9ms)
  Rendered /Users/ashleyhutton/.rbenv/versions/2.2.2/lib/ruby/gems/2.2.0/gems/actionpack-4.2.5/lib/action_dispatch/middleware/templates/rescues/_request_and_response.html.erb (1.5ms)
  Rendered /Users/ashleyhutton/.rbenv/versions/2.2.2/lib/ruby/gems/2.2.0/gems/actionpack-4.2.5/lib/action_dispatch/middleware/templates/rescues/routing_error.html.erb within rescues/layout (334.0ms)
  Rendered /Users/ashleyhutton/.rbenv/versions/2.2.2/lib/ruby/gems/2.2.0/gems/web-console-2.3.0/lib/web_console/templates/_markup.html.erb (0.4ms)
  Rendered /Users/ashleyhutton/.rbenv/versions/2.2.2/lib/ruby/gems/2.2.0/gems/web-console-2.3.0/lib/web_console/templates/_inner_console_markup.html.erb within layouts/inlined_string (0.3ms)


Started GET "/projects/4/tasks/new" for 127.0.0.1 at 2017-04-03 12:49:33 -0500
  Rendered /Users/ashleyhutton/.rbenv/versions/2.2.2/lib/ruby/gems/2.2.0/gems/web-console-2.3.0/lib/web_console/templates/_prompt_box_markup.html.erb within layouts/inlined_string (0.5ms)
Processing by TasksController#new as JS
  Parameters: {"project_id"=>"4"}
  [1m[36mUser Load (1.3ms)[0m  [1mSELECT  "users".* FROM "users" WHERE "users"."id" = $1  ORDER BY "users"."id" ASC LIMIT 1[0m  [["id", 1]]
  [1m[35mProject Load (0.3ms)[0m  SELECT  "projects".* FROM "projects" WHERE "projects"."id" = $1 LIMIT 1  [["id", 4]]
  [1m[36mUser Load (2.6ms)[0m  [1mSELECT "users".* FROM "users"[0m
  Rendered tasks/_modal_form.html.haml (12.9ms)
  Rendered tasks/new.js.erb (20.0ms)
Completed 200 OK in 45ms (Views: 35.8ms | ActiveRecord: 4.2ms)
  Rendered /Users/ashleyhutton/.rbenv/versions/2.2.2/lib/ruby/gems/2.2.0/gems/web-console-2.3.0/lib/web_console/templates/style.css.erb within layouts/inlined_string (2.2ms)
  Rendered /Users/ashleyhutton/.rbenv/versions/2.2.2/lib/ruby/gems/2.2.0/gems/web-console-2.3.0/lib/web_console/templates/console.js.erb within layouts/javascript (219.8ms)
  Rendered /Users/ashleyhutton/.rbenv/versions/2.2.2/lib/ruby/gems/2.2.0/gems/web-console-2.3.0/lib/web_console/templates/main.js.erb within layouts/javascript (0.6ms)
  Rendered /Users/ashleyhutton/.rbenv/versions/2.2.2/lib/ruby/gems/2.2.0/gems/web-console-2.3.0/lib/web_console/templates/error_page.js.erb within layouts/javascript (0.8ms)
  Rendered /Users/ashleyhutton/.rbenv/versions/2.2.2/lib/ruby/gems/2.2.0/gems/web-console-2.3.0/lib/web_console/templates/index.html.erb (484.9ms)


Started GET "/projects" for 127.0.0.1 at 2017-04-03 12:49:40 -0500
Processing by ProjectsController#index as HTML
  [1m[35mUser Load (0.4ms)[0m  SELECT  "users".* FROM "users" WHERE "users"."id" = $1  ORDER BY "users"."id" ASC LIMIT 1  [["id", 1]]
  [1m[36mProject Load (0.4ms)[0m  [1mSELECT "projects".* FROM "projects"[0m
  [1m[35mTask Load (0.9ms)[0m  SELECT "tasks".* FROM "tasks" WHERE "tasks"."project_id" = $1  [["project_id", 4]]
  [1m[36mTask Load (0.5ms)[0m  [1mSELECT "tasks".* FROM "tasks" WHERE "tasks"."project_id" = $1[0m  [["project_id", 5]]
  [1m[35mTask Load (0.3ms)[0m  SELECT "tasks".* FROM "tasks" WHERE "tasks"."project_id" = $1  [["project_id", 3]]
  [1m[36mTask Load (0.3ms)[0m  [1mSELECT "tasks".* FROM "tasks" WHERE "tasks"."project_id" = $1[0m  [["project_id", 1]]
  [1m[35mTask Load (0.2ms)[0m  SELECT "tasks".* FROM "tasks" WHERE "tasks"."project_id" = $1  [["project_id", 6]]
  [1m[36mTask Load (0.2ms)[0m  [1mSELECT "tasks".* FROM "tasks" WHERE "tasks"."project_id" = $1[0m  [["project_id", 7]]
  [1m[35mTask Load (0.3ms)[0m  SELECT "tasks".* FROM "tasks" WHERE "tasks"."project_id" = $1  [["project_id", 8]]
  [1m[36mTask Load (0.2ms)[0m  [1mSELECT "tasks".* FROM "tasks" WHERE "tasks"."project_id" = $1[0m  [["project_id", 9]]
  [1m[35mTask Load (0.2ms)[0m  SELECT "tasks".* FROM "tasks" WHERE "tasks"."project_id" = $1  [["project_id", 10]]
  [1m[36mTask Load (0.2ms)[0m  [1mSELECT "tasks".* FROM "tasks" WHERE "tasks"."project_id" = $1[0m  [["project_id", 11]]
  [1m[35mTask Load (0.2ms)[0m  SELECT "tasks".* FROM "tasks" WHERE "tasks"."project_id" = $1  [["project_id", 12]]
  [1m[36mTask Load (0.2ms)[0m  [1mSELECT "tasks".* FROM "tasks" WHERE "tasks"."project_id" = $1[0m  [["project_id", 13]]
  [1m[35mTask Load (0.2ms)[0m  SELECT "tasks".* FROM "tasks" WHERE "tasks"."project_id" = $1  [["project_id", 14]]
  [1m[36mTask Load (0.2ms)[0m  [1mSELECT "tasks".* FROM "tasks" WHERE "tasks"."project_id" = $1[0m  [["project_id", 15]]
  [1m[35mTask Load (0.2ms)[0m  SELECT "tasks".* FROM "tasks" WHERE "tasks"."project_id" = $1  [["project_id", 16]]
  [1m[36mTask Load (0.2ms)[0m  [1mSELECT "tasks".* FROM "tasks" WHERE "tasks"."project_id" = $1[0m  [["project_id", 17]]
  [1m[35mTask Load (0.2ms)[0m  SELECT "tasks".* FROM "tasks" WHERE "tasks"."project_id" = $1  [["project_id", 18]]
  [1m[36mTask Load (0.3ms)[0m  [1mSELECT "tasks".* FROM "tasks" WHERE "tasks"."project_id" = $1[0m  [["project_id", 2]]
  [1m[35mTask Load (0.2ms)[0m  SELECT "tasks".* FROM "tasks" WHERE "tasks"."project_id" = $1  [["project_id", 19]]
  [1m[36mTask Load (0.3ms)[0m  [1mSELECT "tasks".* FROM "tasks" WHERE "tasks"."project_id" = $1[0m  [["project_id", 20]]
  Rendered projects/index.html.haml within layouts/application (46.8ms)
Completed 200 OK in 92ms (Views: 83.7ms | ActiveRecord: 7.0ms)


Started GET "/assets/bootstrap.min.css.map" for 127.0.0.1 at 2017-04-03 12:49:40 -0500

ActionController::RoutingError (No route matches [GET] "/assets/bootstrap.min.css.map"):
  actionpack (4.2.5) lib/action_dispatch/middleware/debug_exceptions.rb:21:in `call'
  web-console (2.3.0) lib/web_console/middleware.rb:28:in `block in call'
  web-console (2.3.0) lib/web_console/middleware.rb:18:in `catch'
  web-console (2.3.0) lib/web_console/middleware.rb:18:in `call'
  actionpack (4.2.5) lib/action_dispatch/middleware/show_exceptions.rb:30:in `call'
  railties (4.2.5) lib/rails/rack/logger.rb:38:in `call_app'
  railties (4.2.5) lib/rails/rack/logger.rb:20:in `block in call'
  activesupport (4.2.5) lib/active_support/tagged_logging.rb:68:in `block in tagged'
  activesupport (4.2.5) lib/active_support/tagged_logging.rb:26:in `tagged'
  activesupport (4.2.5) lib/active_support/tagged_logging.rb:68:in `tagged'
  railties (4.2.5) lib/rails/rack/logger.rb:20:in `call'
  actionpack (4.2.5) lib/action_dispatch/middleware/request_id.rb:21:in `call'
  rack (1.6.5) lib/rack/methodoverride.rb:22:in `call'
  rack (1.6.5) lib/rack/runtime.rb:18:in `call'
  activesupport (4.2.5) lib/active_support/cache/strategy/local_cache_middleware.rb:28:in `call'
  rack (1.6.5) lib/rack/lock.rb:17:in `call'
  actionpack (4.2.5) lib/action_dispatch/middleware/static.rb:116:in `call'
  rack (1.6.5) lib/rack/sendfile.rb:113:in `call'
  railties (4.2.5) lib/rails/engine.rb:518:in `call'
  railties (4.2.5) lib/rails/application.rb:165:in `call'
  puma (3.4.0) lib/puma/configuration.rb:224:in `call'
  puma (3.4.0) lib/puma/server.rb:569:in `handle_request'
  puma (3.4.0) lib/puma/server.rb:406:in `process_client'
  puma (3.4.0) lib/puma/server.rb:271:in `block in run'
  puma (3.4.0) lib/puma/thread_pool.rb:114:in `call'
  puma (3.4.0) lib/puma/thread_pool.rb:114:in `block in spawn_thread'


  Rendered /Users/ashleyhutton/.rbenv/versions/2.2.2/lib/ruby/gems/2.2.0/gems/actionpack-4.2.5/lib/action_dispatch/middleware/templates/rescues/_trace.html.erb (4.3ms)
  Rendered /Users/ashleyhutton/.rbenv/versions/2.2.2/lib/ruby/gems/2.2.0/gems/actionpack-4.2.5/lib/action_dispatch/middleware/templates/routes/_route.html.erb (5.3ms)
  Rendered /Users/ashleyhutton/.rbenv/versions/2.2.2/lib/ruby/gems/2.2.0/gems/actionpack-4.2.5/lib/action_dispatch/middleware/templates/routes/_table.html.erb (1.4ms)
  Rendered /Users/ashleyhutton/.rbenv/versions/2.2.2/lib/ruby/gems/2.2.0/gems/actionpack-4.2.5/lib/action_dispatch/middleware/templates/rescues/_request_and_response.html.erb (1.3ms)
  Rendered /Users/ashleyhutton/.rbenv/versions/2.2.2/lib/ruby/gems/2.2.0/gems/actionpack-4.2.5/lib/action_dispatch/middleware/templates/rescues/routing_error.html.erb within rescues/layout (271.5ms)
  Rendered /Users/ashleyhutton/.rbenv/versions/2.2.2/lib/ruby/gems/2.2.0/gems/web-console-2.3.0/lib/web_console/templates/_markup.html.erb (0.5ms)
  Rendered /Users/ashleyhutton/.rbenv/versions/2.2.2/lib/ruby/gems/2.2.0/gems/web-console-2.3.0/lib/web_console/templates/_inner_console_markup.html.erb within layouts/inlined_string (0.4ms)
  Rendered /Users/ashleyhutton/.rbenv/versions/2.2.2/lib/ruby/gems/2.2.0/gems/web-console-2.3.0/lib/web_console/templates/_prompt_box_markup.html.erb within layouts/inlined_string (0.3ms)
  Rendered /Users/ashleyhutton/.rbenv/versions/2.2.2/lib/ruby/gems/2.2.0/gems/web-console-2.3.0/lib/web_console/templates/style.css.erb within layouts/inlined_string (0.4ms)
  Rendered /Users/ashleyhutton/.rbenv/versions/2.2.2/lib/ruby/gems/2.2.0/gems/web-console-2.3.0/lib/web_console/templates/console.js.erb within layouts/javascript (81.3ms)
  Rendered /Users/ashleyhutton/.rbenv/versions/2.2.2/lib/ruby/gems/2.2.0/gems/web-console-2.3.0/lib/web_console/templates/main.js.erb within layouts/javascript (0.5ms)
  Rendered /Users/ashleyhutton/.rbenv/versions/2.2.2/lib/ruby/gems/2.2.0/gems/web-console-2.3.0/lib/web_console/templates/error_page.js.erb within layouts/javascript (0.4ms)
  Rendered /Users/ashleyhutton/.rbenv/versions/2.2.2/lib/ruby/gems/2.2.0/gems/web-console-2.3.0/lib/web_console/templates/index.html.erb (186.7ms)


Started GET "/projects/4/tasks/new" for 127.0.0.1 at 2017-04-03 12:49:41 -0500
Processing by TasksController#new as JS
  Parameters: {"project_id"=>"4"}
  [1m[35mUser Load (0.5ms)[0m  SELECT  "users".* FROM "users" WHERE "users"."id" = $1  ORDER BY "users"."id" ASC LIMIT 1  [["id", 1]]
  [1m[36mProject Load (0.3ms)[0m  [1mSELECT  "projects".* FROM "projects" WHERE "projects"."id" = $1 LIMIT 1[0m  [["id", 4]]
  [1m[35mUser Load (0.5ms)[0m  SELECT "users".* FROM "users"
  Rendered tasks/_modal_form.html.haml (63.4ms)
  Rendered tasks/new.js.erb (71.5ms)
Completed 200 OK in 101ms (Views: 93.6ms | ActiveRecord: 1.3ms)


Started GET "/projects" for 127.0.0.1 at 2017-04-03 12:49:51 -0500
Processing by ProjectsController#index as HTML
  [1m[36mUser Load (1.2ms)[0m  [1mSELECT  "users".* FROM "users" WHERE "users"."id" = $1  ORDER BY "users"."id" ASC LIMIT 1[0m  [["id", 1]]
  [1m[35mProject Load (0.6ms)[0m  SELECT "projects".* FROM "projects"
  [1m[36mTask Load (0.4ms)[0m  [1mSELECT "tasks".* FROM "tasks" WHERE "tasks"."project_id" = $1[0m  [["project_id", 4]]
  [1m[35mTask Load (0.3ms)[0m  SELECT "tasks".* FROM "tasks" WHERE "tasks"."project_id" = $1  [["project_id", 5]]
  [1m[36mTask Load (0.2ms)[0m  [1mSELECT "tasks".* FROM "tasks" WHERE "tasks"."project_id" = $1[0m  [["project_id", 3]]
  [1m[35mTask Load (0.2ms)[0m  SELECT "tasks".* FROM "tasks" WHERE "tasks"."project_id" = $1  [["project_id", 1]]
  [1m[36mTask Load (0.4ms)[0m  [1mSELECT "tasks".* FROM "tasks" WHERE "tasks"."project_id" = $1[0m  [["project_id", 6]]
  [1m[35mTask Load (0.3ms)[0m  SELECT "tasks".* FROM "tasks" WHERE "tasks"."project_id" = $1  [["project_id", 7]]
  [1m[36mTask Load (0.3ms)[0m  [1mSELECT "tasks".* FROM "tasks" WHERE "tasks"."project_id" = $1[0m  [["project_id", 8]]
  [1m[35mTask Load (0.3ms)[0m  SELECT "tasks".* FROM "tasks" WHERE "tasks"."project_id" = $1  [["project_id", 9]]
  [1m[36mTask Load (0.2ms)[0m  [1mSELECT "tasks".* FROM "tasks" WHERE "tasks"."project_id" = $1[0m  [["project_id", 10]]
  [1m[35mTask Load (0.2ms)[0m  SELECT "tasks".* FROM "tasks" WHERE "tasks"."project_id" = $1  [["project_id", 11]]
  [1m[36mTask Load (0.2ms)[0m  [1mSELECT "tasks".* FROM "tasks" WHERE "tasks"."project_id" = $1[0m  [["project_id", 12]]
  [1m[35mTask Load (0.2ms)[0m  SELECT "tasks".* FROM "tasks" WHERE "tasks"."project_id" = $1  [["project_id", 13]]
  [1m[36mTask Load (0.2ms)[0m  [1mSELECT "tasks".* FROM "tasks" WHERE "tasks"."project_id" = $1[0m  [["project_id", 14]]
  [1m[35mTask Load (0.2ms)[0m  SELECT "tasks".* FROM "tasks" WHERE "tasks"."project_id" = $1  [["project_id", 15]]
  [1m[36mTask Load (0.2ms)[0m  [1mSELECT "tasks".* FROM "tasks" WHERE "tasks"."project_id" = $1[0m  [["project_id", 16]]
  [1m[35mTask Load (0.4ms)[0m  SELECT "tasks".* FROM "tasks" WHERE "tasks"."project_id" = $1  [["project_id", 17]]
  [1m[36mTask Load (0.3ms)[0m  [1mSELECT "tasks".* FROM "tasks" WHERE "tasks"."project_id" = $1[0m  [["project_id", 18]]
  [1m[35mTask Load (0.3ms)[0m  SELECT "tasks".* FROM "tasks" WHERE "tasks"."project_id" = $1  [["project_id", 2]]
  [1m[36mTask Load (0.3ms)[0m  [1mSELECT "tasks".* FROM "tasks" WHERE "tasks"."project_id" = $1[0m  [["project_id", 19]]
  [1m[35mTask Load (0.2ms)[0m  SELECT "tasks".* FROM "tasks" WHERE "tasks"."project_id" = $1  [["project_id", 20]]
  Rendered projects/index.html.haml within layouts/application (42.8ms)
Completed 200 OK in 86ms (Views: 75.3ms | ActiveRecord: 7.0ms)


Started GET "/assets/bootstrap.min.css.map" for 127.0.0.1 at 2017-04-03 12:49:51 -0500

ActionController::RoutingError (No route matches [GET] "/assets/bootstrap.min.css.map"):
  actionpack (4.2.5) lib/action_dispatch/middleware/debug_exceptions.rb:21:in `call'
  web-console (2.3.0) lib/web_console/middleware.rb:28:in `block in call'
  web-console (2.3.0) lib/web_console/middleware.rb:18:in `catch'
  web-console (2.3.0) lib/web_console/middleware.rb:18:in `call'
  actionpack (4.2.5) lib/action_dispatch/middleware/show_exceptions.rb:30:in `call'
  railties (4.2.5) lib/rails/rack/logger.rb:38:in `call_app'
  railties (4.2.5) lib/rails/rack/logger.rb:20:in `block in call'
  activesupport (4.2.5) lib/active_support/tagged_logging.rb:68:in `block in tagged'
  activesupport (4.2.5) lib/active_support/tagged_logging.rb:26:in `tagged'
  activesupport (4.2.5) lib/active_support/tagged_logging.rb:68:in `tagged'
  railties (4.2.5) lib/rails/rack/logger.rb:20:in `call'
  actionpack (4.2.5) lib/action_dispatch/middleware/request_id.rb:21:in `call'
  rack (1.6.5) lib/rack/methodoverride.rb:22:in `call'
  rack (1.6.5) lib/rack/runtime.rb:18:in `call'
  activesupport (4.2.5) lib/active_support/cache/strategy/local_cache_middleware.rb:28:in `call'
  rack (1.6.5) lib/rack/lock.rb:17:in `call'
  actionpack (4.2.5) lib/action_dispatch/middleware/static.rb:116:in `call'
  rack (1.6.5) lib/rack/sendfile.rb:113:in `call'
  railties (4.2.5) lib/rails/engine.rb:518:in `call'
  railties (4.2.5) lib/rails/application.rb:165:in `call'
  puma (3.4.0) lib/puma/configuration.rb:224:in `call'
  puma (3.4.0) lib/puma/server.rb:569:in `handle_request'
  puma (3.4.0) lib/puma/server.rb:406:in `process_client'
  puma (3.4.0) lib/puma/server.rb:271:in `block in run'
  puma (3.4.0) lib/puma/thread_pool.rb:114:in `call'
  puma (3.4.0) lib/puma/thread_pool.rb:114:in `block in spawn_thread'


  Rendered /Users/ashleyhutton/.rbenv/versions/2.2.2/lib/ruby/gems/2.2.0/gems/actionpack-4.2.5/lib/action_dispatch/middleware/templates/rescues/_trace.html.erb (1.5ms)
  Rendered /Users/ashleyhutton/.rbenv/versions/2.2.2/lib/ruby/gems/2.2.0/gems/actionpack-4.2.5/lib/action_dispatch/middleware/templates/routes/_route.html.erb (4.3ms)
  Rendered /Users/ashleyhutton/.rbenv/versions/2.2.2/lib/ruby/gems/2.2.0/gems/actionpack-4.2.5/lib/action_dispatch/middleware/templates/routes/_table.html.erb (1.5ms)
  Rendered /Users/ashleyhutton/.rbenv/versions/2.2.2/lib/ruby/gems/2.2.0/gems/actionpack-4.2.5/lib/action_dispatch/middleware/templates/rescues/_request_and_response.html.erb (1.4ms)
  Rendered /Users/ashleyhutton/.rbenv/versions/2.2.2/lib/ruby/gems/2.2.0/gems/actionpack-4.2.5/lib/action_dispatch/middleware/templates/rescues/routing_error.html.erb within rescues/layout (315.6ms)
  Rendered /Users/ashleyhutton/.rbenv/versions/2.2.2/lib/ruby/gems/2.2.0/gems/web-console-2.3.0/lib/web_console/templates/_markup.html.erb (0.5ms)
  Rendered /Users/ashleyhutton/.rbenv/versions/2.2.2/lib/ruby/gems/2.2.0/gems/web-console-2.3.0/lib/web_console/templates/_inner_console_markup.html.erb within layouts/inlined_string (0.4ms)
  Rendered /Users/ashleyhutton/.rbenv/versions/2.2.2/lib/ruby/gems/2.2.0/gems/web-console-2.3.0/lib/web_console/templates/_prompt_box_markup.html.erb within layouts/inlined_string (0.7ms)
  Rendered /Users/ashleyhutton/.rbenv/versions/2.2.2/lib/ruby/gems/2.2.0/gems/web-console-2.3.0/lib/web_console/templates/style.css.erb within layouts/inlined_string (0.5ms)
  Rendered /Users/ashleyhutton/.rbenv/versions/2.2.2/lib/ruby/gems/2.2.0/gems/web-console-2.3.0/lib/web_console/templates/console.js.erb within layouts/javascript (81.5ms)
  Rendered /Users/ashleyhutton/.rbenv/versions/2.2.2/lib/ruby/gems/2.2.0/gems/web-console-2.3.0/lib/web_console/templates/main.js.erb within layouts/javascript (0.3ms)
  Rendered /Users/ashleyhutton/.rbenv/versions/2.2.2/lib/ruby/gems/2.2.0/gems/web-console-2.3.0/lib/web_console/templates/error_page.js.erb within layouts/javascript (0.4ms)
  Rendered /Users/ashleyhutton/.rbenv/versions/2.2.2/lib/ruby/gems/2.2.0/gems/web-console-2.3.0/lib/web_console/templates/index.html.erb (177.8ms)


Started GET "/projects/4/tasks/new" for 127.0.0.1 at 2017-04-03 12:49:52 -0500
Processing by TasksController#new as JS
  Parameters: {"project_id"=>"4"}
  [1m[36mUser Load (0.3ms)[0m  [1mSELECT  "users".* FROM "users" WHERE "users"."id" = $1  ORDER BY "users"."id" ASC LIMIT 1[0m  [["id", 1]]
  [1m[35mProject Load (0.6ms)[0m  SELECT  "projects".* FROM "projects" WHERE "projects"."id" = $1 LIMIT 1  [["id", 4]]
  [1m[36mUser Load (0.5ms)[0m  [1mSELECT "users".* FROM "users"[0m
  Rendered tasks/_modal_form.html.haml (29.7ms)
  Rendered tasks/new.js.erb (36.5ms)
Completed 200 OK in 67ms (Views: 61.3ms | ActiveRecord: 1.4ms)
